<?xml version="1.0" encoding="UTF-8"?><testsuite errors="0" failures="0" name="com.gorest.testsuits.CRUDTest" skipped="0" tests="4" time="8.3" timestamp="2023-01-03T21:17:21.061Z[Europe/London]"><testcase classname="com.gorest.testsuits.CRUDTest" name="This will create a new user"/><testcase classname="com.gorest.testsuits.CRUDTest" name="verify user added"/><testcase classname="com.gorest.testsuits.CRUDTest" name="Update user and verify"/><testcase classname="com.gorest.testsuits.CRUDTest" name="Delete  user and verify"/></testsuite>